<?xml version="1.0" encoding="UTF-8"?>
<testsuite xmlns:xsi="http://www.w3.org/2001/XMLSchema-instance" xsi:noNamespaceSchemaLocation="https://maven.apache.org/surefire/maven-surefire-plugin/xsd/surefire-test-report-3.0.xsd" version="3.0" name="TestSuite" time="16.022" tests="3" errors="0" skipped="0" failures="0">
  <properties>
[...]
</properties>
  <testcase name="runScenario[&quot;Validate home page elements&quot;, &quot;Snapdeal home tab elements&quot;](1)" classname="Runners.RunnerClass" time="11.76">
    <system-out><![CDATA[
Scenario: Verify search feature                 # src/test/java/Features/SearchFeature.feature:3

Scenario: Validate home page elements           # src/test/java/Features/HomeTab.feature:9

Scenario: Verify home page header elements   # src/test/java/Features/HomeTab.feature:3
Chrome=========================================================
Chrome=========================================================
Chrome=========================================================
ChromeDriver: chrome on windows (99c2431c6c476b023f593d1e4b53ebd3)
ChromeDriver: chrome on windows (a14fdfd67521b02ce2eb8a1ae46ab80b)
ChromeDriver: chrome on windows (92507cb106de9c8a5db9160533e29825)
  Given user should be on snapdeal home page # Stepdefinition.HomePageDefinitions.user_should_be_on_snapdeal_home_page()
  Given user should be on snapdeal home page    # Stepdefinition.HomePageDefinitions.user_should_be_on_snapdeal_home_page()
  Then men's fashion option should be displayed # Stepdefinition.HomePageDefinitions.men_s_fashion_option_should_be_displayed()
  Then search bar should be displayed        # Stepdefinition.HomePageDefinitions.search_bar_should_be_displayed()
  And cart should be displayed               # Stepdefinition.HomePageDefinitions.cart_should_be_displayed()
  And signin button should be displayed      # Stepdefinition.HomePageDefinitions.signin_button_should_be_displayed()
  Given user should be on snapdeal home page    # Stepdefinition.HomePageDefinitions.user_should_be_on_snapdeal_home_page()
]]></system-out>
    <system-err><![CDATA[SLF4J: Failed to load class "org.slf4j.impl.StaticLoggerBinder".
SLF4J: Defaulting to no-operation (NOP) logger implementation
SLF4J: See http://www.slf4j.org/codes.html#StaticLoggerBinder for further details.
]]></system-err>
  </testcase>
  <testcase name="runScenario[&quot;Verify home page header elements&quot;, &quot;Snapdeal home tab elements&quot;](2)" classname="Runners.RunnerClass" time="12.012">
    <system-out><![CDATA[  When user enters text in search box           # Stepdefinition.SearchStepDefinition.user_enters_in_search_box(io.cucumber.datatable.DataTable)
    | "phones" |
]]></system-out>
  </testcase>
  <testcase name="runScenario[&quot;Verify search feature&quot;, &quot;Snapdeal search feature validation&quot;](3)" classname="Runners.RunnerClass" time="14.424">
    <system-out><![CDATA[  And clicks on search button                   # Stepdefinition.SearchStepDefinition.clicks_on_search_button()
  Then online shopping page should be displayed # Stepdefinition.SearchStepDefinition.online_shopping_page_should_be_displayed()
]]></system-out>
  </testcase>
</testsuite>