<?xml version="1.0" encoding="UTF-8"?>
<testng-results ignored="0" total="3" passed="3" failed="0" skipped="0">
  <reporter-output>
  </reporter-output>
  <suite started-at="2024-12-09T11:47:28 IST" name="Suite" finished-at="2024-12-09T11:47:43 IST" duration-ms="15282">
    <groups>
      <group name="cucumber">
        <method signature="AbstractTestNGCucumberTests.runScenario(io.cucumber.testng.PickleWrapper,io.cucumber.testng.FeatureWrapper)[pri:0, instance:Runners.RunnerClass@2a798d51]" name="runScenario" class="io.cucumber.testng.AbstractTestNGCucumberTests"/>
      </group> <!-- cucumber -->
    </groups>
    <test started-at="2024-12-09T11:47:28 IST" name="Test" finished-at="2024-12-09T11:47:43 IST" duration-ms="15282">
      <class name="Runners.RunnerClass">
        <test-method is-config="true" signature="setUpClass(org.testng.ITestContext)[pri:0, instance:Runners.RunnerClass@2a798d51]" started-at="2024-12-09T11:47:28 IST" name="setUpClass" finished-at="2024-12-09T11:47:29 IST" duration-ms="766" status="PASS">
          <params>
            <param index="0">
              <value>
                <![CDATA[org.testng.TestRunner@445b295b]]>
              </value>
            </param>
          </params>
          <reporter-output>
          </reporter-output>
        </test-method> <!-- setUpClass -->
        <test-method signature="runScenario(io.cucumber.testng.PickleWrapper,io.cucumber.testng.FeatureWrapper)[pri:0, instance:Runners.RunnerClass@2a798d51]" started-at="2024-12-09T11:47:29 IST" name="runScenario" description="Runs Cucumber Scenarios" data-provider="scenarios" finished-at="2024-12-09T11:47:41 IST" duration-ms="11758" status="PASS">
          <params>
            <param index="0">
              <value>
                <![CDATA["Validate home page elements"]]>
              </value>
            </param>
            <param index="1">
              <value>
                <![CDATA["Snapdeal home tab elements"]]>
              </value>
            </param>
          </params>
          <reporter-output>
          </reporter-output>
        </test-method> <!-- runScenario -->
        <test-method signature="runScenario(io.cucumber.testng.PickleWrapper,io.cucumber.testng.FeatureWrapper)[pri:0, instance:Runners.RunnerClass@2a798d51]" started-at="2024-12-09T11:47:29 IST" name="runScenario" description="Runs Cucumber Scenarios" data-provider="scenarios" finished-at="2024-12-09T11:47:43 IST" duration-ms="14435" status="PASS">
          <params>
            <param index="0">
              <value>
                <![CDATA["Verify search feature"]]>
              </value>
            </param>
            <param index="1">
              <value>
                <![CDATA["Snapdeal search feature validation"]]>
              </value>
            </param>
          </params>
          <reporter-output>
          </reporter-output>
        </test-method> <!-- runScenario -->
        <test-method signature="runScenario(io.cucumber.testng.PickleWrapper,io.cucumber.testng.FeatureWrapper)[pri:0, instance:Runners.RunnerClass@2a798d51]" started-at="2024-12-09T11:47:29 IST" name="runScenario" description="Runs Cucumber Scenarios" data-provider="scenarios" finished-at="2024-12-09T11:47:41 IST" duration-ms="12024" status="PASS">
          <params>
            <param index="0">
              <value>
                <![CDATA["Verify home page header elements"]]>
              </value>
            </param>
            <param index="1">
              <value>
                <![CDATA["Snapdeal home tab elements"]]>
              </value>
            </param>
          </params>
          <reporter-output>
          </reporter-output>
        </test-method> <!-- runScenario -->
        <test-method is-config="true" signature="tearDownClass()[pri:0, instance:Runners.RunnerClass@2a798d51]" started-at="2024-12-09T11:47:43 IST" name="tearDownClass" finished-at="2024-12-09T11:47:43 IST" duration-ms="30" status="PASS">
          <reporter-output>
          </reporter-output>
        </test-method> <!-- tearDownClass -->
      </class> <!-- Runners.RunnerClass -->
    </test> <!-- Test -->
  </suite> <!-- Suite -->
</testng-results>
